<html>
<head>
<title>TestNG:  Android</title>
<link href="../testng.css" rel="stylesheet" type="text/css" />
<link href="../my-testng.css" rel="stylesheet" type="text/css" />

<style type="text/css">
.log { display: none;} 
.stack-trace { display: none;} 
</style>
<script type="text/javascript">
<!--
function flip(e) {
  current = e.style.display;
  if (current == 'block') {
    e.style.display = 'none';
    return 0;
  }
  else {
    e.style.display = 'block';
    return 1;
  }
}

function toggleBox(szDivId, elem, msg1, msg2)
{
  var res = -1;  if (document.getElementById) {
    res = flip(document.getElementById(szDivId));
  }
  else if (document.all) {
    // this is the way old msie versions work
    res = flip(document.all[szDivId]);
  }
  if(elem) {
    if(res == 0) elem.innerHTML = msg1; else elem.innerHTML = msg2;
  }

}

function toggleAllBoxes() {
  if (document.getElementsByTagName) {
    d = document.getElementsByTagName('div');
    for (i = 0; i < d.length; i++) {
      if (d[i].className == 'log') {
        flip(d[i]);
      }
    }
  }
}

// -->
</script>

</head>
<body>
<h2 align='center'>Android</h2><table border='1' align="center">
<tr>
<td>Tests passed/Failed/Skipped:</td><td>15/2/0</td>
</tr><tr>
<td>Started on:</td><td>Thu Dec 07 15:53:52 EST 2023</td>
</tr>
<tr><td>Total time:</td><td>143 seconds (143063 ms)</td>
</tr><tr>
<td>Included groups:</td><td></td>
</tr><tr>
<td>Excluded groups:</td><td></td>
</tr>
</table><p/>
<small><i>(Hover the method name to see the test class name)</i></small><p/>
<table width='100%' border='1' class='invocation-failed'>
<tr><td colspan='4' align='center'><b>FAILED TESTS</b></td></tr>
<tr><td><b>Test method</b></td>
<td width="30%"><b>Exception</b></td>
<td width="10%"><b>Time (seconds)</b></td>
<td><b>Instance</b></td>
</tr>
<tr>
<td title='runner.AllFeaturesRunner.runScenario()'><b>runScenario</b><br>Test class: runner.AllFeaturesRunner<br>Test method: Runs Cucumber Scenarios<br>Parameters: "Weather By City", "Weather API Testing"</td>
<td><div><pre>java.lang.AssertionError: expected [1] but found [0]
	at steps.CityWeatherAPISteps.theAPIShouldProvideMeTheCurrentTemperatureInDegreesCelcius(CityWeatherAPISteps.java:59)
	at ?.The API should provide me the current temperature in Degrees Celcius(file:///C:/Alfredo/PQA/Platorun/Platorun-Java-V1.0/src/test/resources/features/CityWeatherAPI.feature:7)
... Removed 5 stack frames</pre></div><a href='#' onClick='toggleBox("stack-trace296628880", this, "Click to show all stack frames", "Click to hide stack frames")'>Click to show all stack frames</a>
<div class='stack-trace' id='stack-trace296628880'><pre>java.lang.AssertionError: expected [1] but found [0]
	at org.testng.Assert.fail(Assert.java:94)
	at org.testng.Assert.failNotEquals(Assert.java:494)
	at org.testng.Assert.assertEquals(Assert.java:123)
	at org.testng.Assert.assertEquals(Assert.java:176)
	at org.testng.Assert.assertEquals(Assert.java:186)
	at steps.CityWeatherAPISteps.theAPIShouldProvideMeTheCurrentTemperatureInDegreesCelcius(CityWeatherAPISteps.java:59)
	at ?.The API should provide me the current temperature in Degrees Celcius(file:///C:/Alfredo/PQA/Platorun/Platorun-Java-V1.0/src/test/resources/features/CityWeatherAPI.feature:7)
</pre></div></td>
<td>0</td>
<td>runner.AllFeaturesRunner@1573f9fc</td></tr>
<tr>
<td title='runner.AllFeaturesRunner.runScenario()'><b>runScenario</b><br>Test class: runner.AllFeaturesRunner<br>Test method: Runs Cucumber Scenarios<br>Parameters: "Chrome Online Shopping", "Web UI Testing"</td>
<td><div><pre>junit.framework.ComparisonFailure: expected:&lt;T[hank you for your order!]&gt; but was:&lt;T[HANK YOU FOR YOUR ORDER 2]&gt;
	at junit.framework.Assert.assertEquals(Assert.java:85)
	at junit.framework.Assert.assertEquals(Assert.java:91)
	at pageObjects.OnlineShoppingAppPage.verifyConfirmationMessage(OnlineShoppingAppPage.java:42)
	at steps.OnlineShoppingSteps.aConfirmationMessageShouldBeDisplayedOnTheScreen(OnlineShoppingSteps.java:34)
	at ?.A confirmation message &quot;THANK YOU FOR YOUR ORDER 2&quot; should be displayed on the screen(file:///C:/Alfredo/PQA/Platorun/Platorun-Java-V1.0/src/test/resources/features/OnlineShopping.feature:12)
</pre></div><a href='#' onClick='toggleBox("stack-trace1854415464", this, "Click to show all stack frames", "Click to hide stack frames")'>Click to show all stack frames</a>
<div class='stack-trace' id='stack-trace1854415464'><pre>junit.framework.ComparisonFailure: expected:&lt;T[hank you for your order!]&gt; but was:&lt;T[HANK YOU FOR YOUR ORDER 2]&gt;
	at junit.framework.Assert.assertEquals(Assert.java:85)
	at junit.framework.Assert.assertEquals(Assert.java:91)
	at pageObjects.OnlineShoppingAppPage.verifyConfirmationMessage(OnlineShoppingAppPage.java:42)
	at steps.OnlineShoppingSteps.aConfirmationMessageShouldBeDisplayedOnTheScreen(OnlineShoppingSteps.java:34)
	at ?.A confirmation message &quot;THANK YOU FOR YOUR ORDER 2&quot; should be displayed on the screen(file:///C:/Alfredo/PQA/Platorun/Platorun-Java-V1.0/src/test/resources/features/OnlineShopping.feature:12)
</pre></div></td>
<td>11</td>
<td>runner.AllFeaturesRunner@1573f9fc</td></tr>
</table><p>
<table width='100%' border='1' class='invocation-passed'>
<tr><td colspan='4' align='center'><b>PASSED TESTS</b></td></tr>
<tr><td><b>Test method</b></td>
<td width="30%"><b>Exception</b></td>
<td width="10%"><b>Time (seconds)</b></td>
<td><b>Instance</b></td>
</tr>
<tr>
<td title='runner.AllFeaturesRunner.runScenario()'><b>runScenario</b><br>Test class: runner.AllFeaturesRunner<br>Test method: Runs Cucumber Scenarios<br>Parameters: "Weather By City", "Weather API Testing"</td>
<td></td>
<td>1</td>
<td>runner.AllFeaturesRunner@1573f9fc</td></tr>
<tr>
<td title='runner.AllFeaturesRunner.runScenario()'><b>runScenario</b><br>Test class: runner.AllFeaturesRunner<br>Test method: Runs Cucumber Scenarios<br>Parameters: "Place By Country and Zip Code", "Country Zip Code API Testing"</td>
<td></td>
<td>2</td>
<td>runner.AllFeaturesRunner@1573f9fc</td></tr>
<tr>
<td title='runner.AllFeaturesRunner.runScenario()'><b>runScenario</b><br>Test class: runner.AllFeaturesRunner<br>Test method: Runs Cucumber Scenarios<br>Parameters: "Place By Country and Zip Code", "Country Zip Code API Testing"</td>
<td></td>
<td>0</td>
<td>runner.AllFeaturesRunner@1573f9fc</td></tr>
<tr>
<td title='runner.AllFeaturesRunner.runScenario()'><b>runScenario</b><br>Test class: runner.AllFeaturesRunner<br>Test method: Runs Cucumber Scenarios<br>Parameters: "Place By Country and Zip Code", "Country Zip Code API Testing"</td>
<td></td>
<td>0</td>
<td>runner.AllFeaturesRunner@1573f9fc</td></tr>
<tr>
<td title='runner.AllFeaturesRunner.runScenario()'><b>runScenario</b><br>Test class: runner.AllFeaturesRunner<br>Test method: Runs Cucumber Scenarios<br>Parameters: "Map Navigation", "Android Google Maps Testing"</td>
<td></td>
<td>61</td>
<td>runner.AllFeaturesRunner@1573f9fc</td></tr>
<tr>
<td title='runner.AllFeaturesRunner.runScenario()'><b>runScenario</b><br>Test class: runner.AllFeaturesRunner<br>Test method: Runs Cucumber Scenarios<br>Parameters: "MySQL DB Testing", "MySQL Database Testing"</td>
<td></td>
<td>1</td>
<td>runner.AllFeaturesRunner@1573f9fc</td></tr>
<tr>
<td title='runner.AllFeaturesRunner.runScenario()'><b>runScenario</b><br>Test class: runner.AllFeaturesRunner<br>Test method: Runs Cucumber Scenarios<br>Parameters: "MySQL DB Testing", "MySQL Database Testing"</td>
<td></td>
<td>1</td>
<td>runner.AllFeaturesRunner@1573f9fc</td></tr>
<tr>
<td title='runner.AllFeaturesRunner.runScenario()'><b>runScenario</b><br>Test class: runner.AllFeaturesRunner<br>Test method: Runs Cucumber Scenarios<br>Parameters: "MySQL DB Testing", "MySQL Database Testing"</td>
<td></td>
<td>1</td>
<td>runner.AllFeaturesRunner@1573f9fc</td></tr>
<tr>
<td title='runner.AllFeaturesRunner.runScenario()'><b>runScenario</b><br>Test class: runner.AllFeaturesRunner<br>Test method: Runs Cucumber Scenarios<br>Parameters: "MySQL DB Testing", "MySQL Database Testing"</td>
<td></td>
<td>1</td>
<td>runner.AllFeaturesRunner@1573f9fc</td></tr>
<tr>
<td title='runner.AllFeaturesRunner.runScenario()'><b>runScenario</b><br>Test class: runner.AllFeaturesRunner<br>Test method: Runs Cucumber Scenarios<br>Parameters: "Firefox Online Shopping", "Web UI Testing"</td>
<td></td>
<td>14</td>
<td>runner.AllFeaturesRunner@1573f9fc</td></tr>
<tr>
<td title='runner.AllFeaturesRunner.runScenario()'><b>runScenario</b><br>Test class: runner.AllFeaturesRunner<br>Test method: Runs Cucumber Scenarios<br>Parameters: "SQLServer DB Testing", "SQLServer Database Testing"</td>
<td></td>
<td>1</td>
<td>runner.AllFeaturesRunner@1573f9fc</td></tr>
<tr>
<td title='runner.AllFeaturesRunner.runScenario()'><b>runScenario</b><br>Test class: runner.AllFeaturesRunner<br>Test method: Runs Cucumber Scenarios<br>Parameters: "SQLServer DB Testing", "SQLServer Database Testing"</td>
<td></td>
<td>1</td>
<td>runner.AllFeaturesRunner@1573f9fc</td></tr>
<tr>
<td title='runner.AllFeaturesRunner.runScenario()'><b>runScenario</b><br>Test class: runner.AllFeaturesRunner<br>Test method: Runs Cucumber Scenarios<br>Parameters: "SQLServer DB Testing", "SQLServer Database Testing"</td>
<td></td>
<td>1</td>
<td>runner.AllFeaturesRunner@1573f9fc</td></tr>
<tr>
<td title='runner.AllFeaturesRunner.runScenario()'><b>runScenario</b><br>Test class: runner.AllFeaturesRunner<br>Test method: Runs Cucumber Scenarios<br>Parameters: "SQLServer DB Testing", "SQLServer Database Testing"</td>
<td></td>
<td>1</td>
<td>runner.AllFeaturesRunner@1573f9fc</td></tr>
<tr>
<td title='runner.AllFeaturesRunner.runScenario()'><b>runScenario</b><br>Test class: runner.AllFeaturesRunner<br>Test method: Runs Cucumber Scenarios<br>Parameters: "Exploratory Test", "Android Universal App Testing"</td>
<td></td>
<td>37</td>
<td>runner.AllFeaturesRunner@1573f9fc</td></tr>
</table><p>
</body>
</html>