<?xml version="1.0" encoding="UTF-8"?>
<!-- Generated by org.testng.reporters.JUnitReportReporter -->
<testsuite hostname="PQA-0551LT" failures="0" tests="17" name="runner.AllFeaturesRunner" time="137.169" errors="2" timestamp="7 Dec 2023 20:56:15 GMT">
  <testcase classname="runner.AllFeaturesRunner" name="runScenario" time="11.058">
    <error message="expected:&lt;T[hank you for your order!]&gt; but was:&lt;T[HANK YOU FOR YOUR ORDER 2]&gt;" type="junit.framework.ComparisonFailure">
      <![CDATA[junit.framework.ComparisonFailure: expected:<T[hank you for your order!]> but was:<T[HANK YOU FOR YOUR ORDER 2]>
	at junit.framework.Assert.assertEquals(Assert.java:85)
	at junit.framework.Assert.assertEquals(Assert.java:91)
	at pageObjects.OnlineShoppingAppPage.verifyConfirmationMessage(OnlineShoppingAppPage.java:42)
	at steps.OnlineShoppingSteps.aConfirmationMessageShouldBeDisplayedOnTheScreen(OnlineShoppingSteps.java:34)
	at ?.A confirmation message "THANK YOU FOR YOUR ORDER 2" should be displayed on the screen(file:///C:/Alfredo/PQA/Platorun/Platorun-Java-V1.0/src/test/resources/features/OnlineShopping.feature:12)
]]>
    </error>
  </testcase> <!-- runScenario -->
  <testcase classname="runner.AllFeaturesRunner" name="runScenario" time="0.175"/>
  <testcase classname="runner.AllFeaturesRunner" name="runScenario" time="37.192"/>
  <testcase classname="runner.AllFeaturesRunner" name="runScenario" time="0.212"/>
  <testcase classname="runner.AllFeaturesRunner" name="runScenario" time="1.039"/>
  <testcase classname="runner.AllFeaturesRunner" name="runScenario" time="1.041"/>
  <testcase classname="runner.AllFeaturesRunner" name="runScenario" time="61.185"/>
  <testcase classname="runner.AllFeaturesRunner" name="runScenario" time="1.328"/>
  <testcase classname="runner.AllFeaturesRunner" name="runScenario" time="1.045"/>
  <testcase classname="runner.AllFeaturesRunner" name="runScenario" time="1.036"/>
  <testcase classname="runner.AllFeaturesRunner" name="runScenario" time="1.040"/>
  <testcase classname="runner.AllFeaturesRunner" name="runScenario" time="1.421"/>
  <testcase classname="runner.AllFeaturesRunner" name="runScenario" time="1.034"/>
  <testcase classname="runner.AllFeaturesRunner" name="runScenario" time="1.623"/>
  <testcase classname="runner.AllFeaturesRunner" name="runScenario" time="2.170"/>
  <testcase classname="runner.AllFeaturesRunner" name="runScenario" time="14.366"/>
  <testcase classname="runner.AllFeaturesRunner" name="runScenario" time="0.204">
    <error message="expected [1] but found [0]" type="java.lang.AssertionError">
      <![CDATA[java.lang.AssertionError: expected [1] but found [0]
	at org.testng.Assert.fail(Assert.java:94)
	at org.testng.Assert.failNotEquals(Assert.java:494)
	at org.testng.Assert.assertEquals(Assert.java:123)
	at org.testng.Assert.assertEquals(Assert.java:176)
	at org.testng.Assert.assertEquals(Assert.java:186)
	at steps.CityWeatherAPISteps.theAPIShouldProvideMeTheCurrentTemperatureInDegreesCelcius(CityWeatherAPISteps.java:59)
	at ?.The API should provide me the current temperature in Degrees Celcius(file:///C:/Alfredo/PQA/Platorun/Platorun-Java-V1.0/src/test/resources/features/CityWeatherAPI.feature:7)
]]>
    </error>
  </testcase> <!-- runScenario -->
</testsuite> <!-- runner.AllFeaturesRunner -->
